c:\users\yam\documents\visual studio 2015\projects\consoleapplication84\consoleapplication84\debug\vc140.pdb
c:\users\yam\documents\visual studio 2015\projects\consoleapplication84\consoleapplication84\debug\vc140.idb
c:\users\yam\documents\visual studio 2015\projects\consoleapplication84\consoleapplication84\debug\command.obj
c:\users\yam\documents\visual studio 2015\projects\consoleapplication84\consoleapplication84\debug\controller.obj
c:\users\yam\documents\visual studio 2015\projects\consoleapplication84\consoleapplication84\debug\mazecontoroller.obj
c:\users\yam\documents\visual studio 2015\projects\consoleapplication84\consoleapplication84\debug\main.obj
c:\users\yam\documents\visual studio 2015\projects\consoleapplication84\consoleapplication84\debug\mazecompression.obj
c:\users\yam\documents\visual studio 2015\projects\consoleapplication84\consoleapplication84\debug\mazecompressor.obj
c:\users\yam\documents\visual studio 2015\projects\consoleapplication84\consoleapplication84\debug\maze2d.obj
c:\users\yam\documents\visual studio 2015\projects\consoleapplication84\consoleapplication84\debug\maze2dgenerator.obj
c:\users\yam\documents\visual studio 2015\projects\consoleapplication84\consoleapplication84\debug\position.obj
c:\users\yam\documents\visual studio 2015\projects\consoleapplication84\consoleapplication84\debug\cli.obj
c:\users\yam\documents\visual studio 2015\projects\consoleapplication84\debug\consoleapplication84.ilk
c:\users\yam\documents\visual studio 2015\projects\consoleapplication84\debug\consoleapplication84.exe
c:\users\yam\documents\visual studio 2015\projects\consoleapplication84\debug\consoleapplication84.pdb
c:\users\yam\documents\visual studio 2015\projects\consoleapplication84\consoleapplication84\debug\consolea.8a3a674e.tlog\cl.command.1.tlog
c:\users\yam\documents\visual studio 2015\projects\consoleapplication84\consoleapplication84\debug\consolea.8a3a674e.tlog\cl.read.1.tlog
c:\users\yam\documents\visual studio 2015\projects\consoleapplication84\consoleapplication84\debug\consolea.8a3a674e.tlog\cl.write.1.tlog
c:\users\yam\documents\visual studio 2015\projects\consoleapplication84\consoleapplication84\debug\consolea.8a3a674e.tlog\link.command.1.tlog
c:\users\yam\documents\visual studio 2015\projects\consoleapplication84\consoleapplication84\debug\consolea.8a3a674e.tlog\link.read.1.tlog
c:\users\yam\documents\visual studio 2015\projects\consoleapplication84\consoleapplication84\debug\consolea.8a3a674e.tlog\link.write.1.tlog
